Build started 1/30/2014 1:47:58 PM.
     1>Project "H:\Software PROJECTS\bot\Game Code\Ned3D\Ned3D.vcxproj" on node 3 (build target(s)).
     1>InitializeBuildStatus:
         Creating "Release\Ned3D.unsuccessfulbuild" because "AlwaysCreate" was specified.
       ClCompile:
         C:\Program Files (x86)\Microsoft Visual Studio 10.0\VC\bin\CL.exe /c /I"H:\Software PROJECTS\bot\Game Code\/SAGE/Source/" /I"C:\Program Files\Microsoft DirectX SDK (August 2006)\Include" /Zi /nologo /W3 /WX- /O2 /Oy- /D WIN32 /D NDEBUG /D _WINDOWS /D _VC80_UPGRADE=0x0710 /D _MBCS /Gm- /EHsc /MT /GS /fp:precise /Zc:wchar_t /Zc:forScope /Fo"Release\\" /Fd"Release\vc100.pdb" /Gd /TP /analyze- /errorReport:prompt Source\BulletObject.cpp Source\ControlMenu.cpp Source\CouchObject.cpp Source\CrowObject.cpp Source\Game.cpp Source\Ned3DObjectManager.cpp Source\NextLevel.cpp Source\PlaneObject.cpp Source\SaveObject.cpp Source\ShadowObject.cpp Source\SiloObject.cpp Source\StateIntro.cpp Source\StateMenu.cpp Source\StatePlaying.cpp Source\SwingObject.cpp Source\TerrainObject.cpp Source\WaterObject.cpp Source\WindmillObject.cpp Source\WinMain.cpp
         BulletObject.cpp
         ControlMenu.cpp
         CouchObject.cpp
         CrowObject.cpp
         Game.cpp
         Ned3DObjectManager.cpp
     1>Source\Ned3DObjectManager.cpp(746): warning C4244: '=' : conversion from 'long' to 'float', possible loss of data
     1>Source\Ned3DObjectManager.cpp(756): warning C4244: 'initializing' : conversion from 'long' to 'float', possible loss of data
         NextLevel.cpp
         PlaneObject.cpp
     1>Source\PlaneObject.cpp(850): warning C4553: '==' : operator has no effect; did you intend '='?
         SaveObject.cpp
         ShadowObject.cpp
         SiloObject.cpp
         StateIntro.cpp
         StateMenu.cpp
     1>Source\StateMenu.cpp(77): warning C4806: '&' : unsafe operation: no value of type 'bool' promoted to type 'int' can equal the given constant
         StatePlaying.cpp
     1>Source\StatePlaying.cpp(1010): warning C4996: 'strcpy': This function or variable may be unsafe. Consider using strcpy_s instead. To disable deprecation, use _CRT_SECURE_NO_WARNINGS. See online help for details.
                 C:\Program Files (x86)\Microsoft Visual Studio 10.0\VC\include\string.h(105) : see declaration of 'strcpy'
     1>Source\StatePlaying.cpp(1087): warning C4102: 'dFefault' : unreferenced label
     1>Source\StatePlaying.cpp(1336): warning C4018: '<' : signed/unsigned mismatch
     1>Source\StatePlaying.cpp(1343): warning C4018: '<' : signed/unsigned mismatch
     1>Source\StatePlaying.cpp(1370): warning C4305: 'argument' : truncation from 'double' to 'float'
     1>Source\StatePlaying.cpp(1370): warning C4305: 'argument' : truncation from 'double' to 'float'
         SwingObject.cpp
         TerrainObject.cpp
         WaterObject.cpp
         WindmillObject.cpp
         WinMain.cpp
         Generating Code...
       Link:
         C:\Program Files (x86)\Microsoft Visual Studio 10.0\VC\bin\link.exe /ERRORREPORT:PROMPT /OUT:"Release\Ned3D.exe" /INCREMENTAL:NO /NOLOGO /LIBPATH:"C:\Program Files\Microsoft DirectX SDK (August 2006)\Lib\x86" d3d9.lib Ws2_32.lib d3dx9.lib dsound.lib winmm.lib dxguid.lib dinput8.lib kernel32.lib user32.lib gdi32.lib winspool.lib comdlg32.lib advapi32.lib shell32.lib ole32.lib oleaut32.lib uuid.lib odbc32.lib odbccp32.lib /MANIFEST /ManifestFile:"Release\Ned3D.exe.intermediate.manifest" /MANIFESTUAC:"level='asInvoker' uiAccess='false'" /DEBUG /PDB:"H:\Software PROJECTS\bot\Game Code\Ned3D\Release\Ned3D.pdb" /SUBSYSTEM:WINDOWS /OPT:REF /OPT:ICF /TLBID:1 /DYNAMICBASE:NO /IMPLIB:"Release\Ned3D.lib" /MACHINE:X86 Release\BulletObject.obj
         Release\ControlMenu.obj
         Release\CouchObject.obj
         Release\CrowObject.obj
         Release\Game.obj
         Release\Ned3DObjectManager.obj
         Release\NextLevel.obj
         Release\PlaneObject.obj
         Release\SaveObject.obj
         Release\ShadowObject.obj
         Release\SiloObject.obj
         Release\StateIntro.obj
         Release\StateMenu.obj
         Release\StatePlaying.obj
         Release\SwingObject.obj
         Release\TerrainObject.obj
         Release\WaterObject.obj
         Release\WindmillObject.obj
         Release\WinMain.obj
         "H:\Software PROJECTS\bot\Game Code\SAGE\Release\Sage.lib"
         Ned3D.vcxproj -> H:\Software PROJECTS\bot\Game Code\Ned3D\Release\Ned3D.exe
       Manifest:
         C:\Program Files (x86)\Microsoft SDKs\Windows\v7.0A\bin\mt.exe /nologo /verbose /outputresource:"Release\Ned3D.exe;#1" /manifest Release\Ned3D.exe.intermediate.manifest
       FinalizeBuildStatus:
         Deleting file "Release\Ned3D.unsuccessfulbuild".
         Touching "Release\Ned3D.lastbuildstate".
     1>Done Building Project "H:\Software PROJECTS\bot\Game Code\Ned3D\Ned3D.vcxproj" (build target(s)).

Build succeeded.

Time Elapsed 00:00:12.91
