Build started 5/2/2012 7:06:25 AM.
     1>Project "L:\Game Prog 2\Group Code\Patrick Long\Frame Viewer Modifications\Demo00\Ned3D\Ned3D.vcxproj" on node 3 (build target(s)).
     1>InitializeBuildStatus:
         Creating "Debug\Ned3D.unsuccessfulbuild" because "AlwaysCreate" was specified.
       ClCompile:
         L:\Program Files (x86)\Microsoft Visual Studio 10.0\VC\bin\CL.exe /c /I"L:\Game Prog 2\Group Code\Patrick Long\Frame Viewer Modifications\Demo00\/SAGE/Source/" /I"C:\Program Files\Microsoft DirectX SDK (August 2006)\Include" /ZI /nologo /W3 /WX- /Od /Oy- /D WIN32 /D _DEBUG /D _WINDOWS /D _VC80_UPGRADE=0x0710 /D _MBCS /Gm /EHsc /RTC1 /MTd /GS /fp:precise /Zc:wchar_t /Zc:forScope /Fo"Debug\\" /Fd"Debug\vc100.pdb" /Gd /TP /analyze- /errorReport:prompt Source\Game.cpp
         Game.cpp
     1>l:\game prog 2\group code\patrick long\frame viewer modifications\demo00\ned3d\source\game.cpp(1017): warning C4018: '<' : signed/unsigned mismatch
     1>l:\game prog 2\group code\patrick long\frame viewer modifications\demo00\ned3d\source\game.cpp(1701): warning C4996: 'strcpy': This function or variable may be unsafe. Consider using strcpy_s instead. To disable deprecation, use _CRT_SECURE_NO_WARNINGS. See online help for details.
                 l:\program files (x86)\microsoft visual studio 10.0\vc\include\string.h(105) : see declaration of 'strcpy'
       ManifestResourceCompile:
         All outputs are up-to-date.
       Link:
         L:\Program Files (x86)\Microsoft Visual Studio 10.0\VC\bin\link.exe /ERRORREPORT:PROMPT /OUT:"Debug\Ned3D.exe" /INCREMENTAL /NOLOGO /LIBPATH:"C:\Program Files\Microsoft DirectX SDK (August 2006)\Lib\x86" d3d9.lib Ws2_32.lib d3dx9.lib dsound.lib winmm.lib dxguid.lib dinput8.lib kernel32.lib user32.lib gdi32.lib winspool.lib comdlg32.lib advapi32.lib shell32.lib ole32.lib oleaut32.lib uuid.lib odbc32.lib odbccp32.lib /MANIFEST /ManifestFile:"Debug\Ned3D.exe.intermediate.manifest" /MANIFESTUAC:"level='asInvoker' uiAccess='false'" /DEBUG /PDB:"Debug\Ned3D.pdb" /SUBSYSTEM:WINDOWS /TLBID:1 /DYNAMICBASE:NO /IMPLIB:"Debug\Ned3D.lib" /MACHINE:X86 Debug\Ned3D.exe.embed.manifest.res
         Debug\Game.obj
         Debug\HelpText.obj
         Debug\WinMain.obj
         "L:\Game Prog 2\Group Code\Patrick Long\Frame Viewer Modifications\Demo00\SAGE\Debug\Sage.lib"
       Manifest:
         L:\Program Files (x86)\Microsoft SDKs\Windows\v7.0A\bin\mt.exe /nologo /verbose /out:"Debug\Ned3D.exe.embed.manifest" /manifest Debug\Ned3D.exe.intermediate.manifest
         All outputs are up-to-date.
       LinkEmbedManifest:
         All outputs are up-to-date.
         Ned3D.vcxproj -> L:\Game Prog 2\Group Code\Patrick Long\Frame Viewer Modifications\Demo00\Ned3D\Debug\Ned3D.exe
       FinalizeBuildStatus:
         Deleting file "Debug\Ned3D.unsuccessfulbuild".
         Touching "Debug\Ned3D.lastbuildstate".
     1>Done Building Project "L:\Game Prog 2\Group Code\Patrick Long\Frame Viewer Modifications\Demo00\Ned3D\Ned3D.vcxproj" (build target(s)).

Build succeeded.

Time Elapsed 00:00:03.71
